Build started 5/25/2017 12:28:26 PM.
     1>Project "C:\project with Aiden and Lukas\Project\Dijekstra\src\MeshLib.vcxproj" on node 2 (Build target(s)).
     1>ClCompile:
         C:\Program Files (x86)\Microsoft Visual Studio 12.0\VC\bin\CL.exe /c /ICG_SPL /ICG_SPL/mv /ZI /nologo /W3 /WX- /Od /Oy- /D WIN32 /D _DEBUG /D _CONSOLE /D _UNICODE /D UNICODE /Gm /EHsc /RTC1 /MDd /GS /fp:precise /Zc:wchar_t /Zc:forScope /Fo"Debug\\" /Fd"Debug\vc120.pdb" /Gd /TP /analyze- /errorReport:prompt main.cpp
         main.cpp
     1>c:\project with aiden and lukas\project\dijekstra\src\main.cpp(50): warning C4996: 'fopen': This function or variable may be unsafe. Consider using fopen_s instead. To disable deprecation, use _CRT_SECURE_NO_WARNINGS. See online help for details.
                 c:\program files (x86)\microsoft visual studio 12.0\vc\include\stdio.h(211) : see declaration of 'fopen'
     1>c:\project with aiden and lukas\project\dijekstra\src\main.cpp(104): warning C4996: 'fopen': This function or variable may be unsafe. Consider using fopen_s instead. To disable deprecation, use _CRT_SECURE_NO_WARNINGS. See online help for details.
                 c:\program files (x86)\microsoft visual studio 12.0\vc\include\stdio.h(211) : see declaration of 'fopen'
     1>c:\project with aiden and lukas\project\dijekstra\src\main.cpp(160): warning C4996: 'fopen': This function or variable may be unsafe. Consider using fopen_s instead. To disable deprecation, use _CRT_SECURE_NO_WARNINGS. See online help for details.
                 c:\program files (x86)\microsoft visual studio 12.0\vc\include\stdio.h(211) : see declaration of 'fopen'
     1>c:\project with aiden and lukas\project\dijekstra\src\main.cpp(210): warning C4996: 'fopen': This function or variable may be unsafe. Consider using fopen_s instead. To disable deprecation, use _CRT_SECURE_NO_WARNINGS. See online help for details.
                 c:\program files (x86)\microsoft visual studio 12.0\vc\include\stdio.h(211) : see declaration of 'fopen'
     1>c:\project with aiden and lukas\project\dijekstra\src\main.cpp(375): warning C4056: overflow in floating-point constant arithmetic
     1>c:\project with aiden and lukas\project\dijekstra\src\main.cpp(387): warning C4244: '=' : conversion from 'double' to 'float', possible loss of data
     1>c:\project with aiden and lukas\project\dijekstra\src\main.cpp(375): warning C4756: overflow in constant arithmetic
     1>c:\project with aiden and lukas\project\dijekstra\src\main.cpp(375): warning C4756: overflow in constant arithmetic
       Link:
         C:\Program Files (x86)\Microsoft Visual Studio 12.0\VC\bin\link.exe /ERRORREPORT:PROMPT /OUT:"C:\project with Aiden and Lukas\Project\Dijekstra\src\Debug\MeshLib.exe" /INCREMENTAL /NOLOGO /LIBPATH:"C:\libs\glut-3.7.6-bin\lib" kernel32.lib user32.lib gdi32.lib winspool.lib comdlg32.lib advapi32.lib shell32.lib ole32.lib oleaut32.lib uuid.lib odbc32.lib odbccp32.lib /MANIFEST /MANIFESTUAC:"level='asInvoker' uiAccess='false'" /manifest:embed /DEBUG /PDB:"C:\project with Aiden and Lukas\Project\Dijekstra\src\Debug\MeshLib.pdb" /SUBSYSTEM:CONSOLE /TLBID:1 /DYNAMICBASE /NXCOMPAT /IMPLIB:"C:\project with Aiden and Lukas\Project\Dijekstra\src\Debug\MeshLib.lib" /MACHINE:X86 /SAFESEH Debug\Halfedge.obj
         Debug\Mesh.obj
         Debug\Vertex.obj
         Debug\main.obj
         Debug\Renderer.obj
         Debug\shortestpath.obj
         MeshLib.vcxproj -> C:\project with Aiden and Lukas\Project\Dijekstra\src\Debug\MeshLib.exe
     1>Done Building Project "C:\project with Aiden and Lukas\Project\Dijekstra\src\MeshLib.vcxproj" (Build target(s)).

Build succeeded.

Time Elapsed 00:00:05.63
